Copyright 1986-2021 Xilinx, Inc. All Rights Reserved.
--------------------------------------------------------------------------------------------------------------------------------------------------------------
| Tool Version : Vivado v.2021.2 (win64) Build 3367213 Tue Oct 19 02:48:09 MDT 2021
| Date         : Wed Mar 16 01:42:39 2022
| Host         : DESKTOP-R7M5HS2 running 64-bit major release  (build 9200)
| Command      : report_methodology -file au_top_0_methodology_drc_routed.rpt -pb au_top_0_methodology_drc_routed.pb -rpx au_top_0_methodology_drc_routed.rpx
| Design       : au_top_0
| Device       : xc7a35tftg256-1
| Speed File   : -1
| Design State : Fully Routed
--------------------------------------------------------------------------------------------------------------------------------------------------------------

Report Methodology

Table of Contents
-----------------
1. REPORT SUMMARY
2. REPORT DETAILS

1. REPORT SUMMARY
-----------------
            Netlist: netlist
          Floorplan: design_1
      Design limits: <entire design considered>
             Max violations: <unlimited>
             Violations found: 120
+-----------+------------------+-------------------------------+------------+
| Rule      | Severity         | Description                   | Violations |
+-----------+------------------+-------------------------------+------------+
| TIMING-17 | Critical Warning | Non-clocked sequential cell   | 36         |
| SYNTH-11  | Warning          | DSP output not registered     | 2          |
| TIMING-16 | Warning          | Large setup violation         | 16         |
| TIMING-18 | Warning          | Missing input or output delay | 66         |
+-----------+------------------+-------------------------------+------------+

2. REPORT DETAILS
-----------------
TIMING-17#1 Critical Warning
Non-clocked sequential cell  
The clock pin init/autoTest/test_add/FSM_sequential_M_state_q_reg[0]/C is not reached by a timing clock
Related violations: <none>

TIMING-17#2 Critical Warning
Non-clocked sequential cell  
The clock pin init/autoTest/test_add/FSM_sequential_M_state_q_reg[1]/C is not reached by a timing clock
Related violations: <none>

TIMING-17#3 Critical Warning
Non-clocked sequential cell  
The clock pin init/autoTest/test_add/M_register_q_reg[0]/C is not reached by a timing clock
Related violations: <none>

TIMING-17#4 Critical Warning
Non-clocked sequential cell  
The clock pin init/autoTest/test_add/M_register_q_reg[1]/C is not reached by a timing clock
Related violations: <none>

TIMING-17#5 Critical Warning
Non-clocked sequential cell  
The clock pin init/autoTest/test_add/M_register_q_reg[2]/C is not reached by a timing clock
Related violations: <none>

TIMING-17#6 Critical Warning
Non-clocked sequential cell  
The clock pin init/autoTest/test_add/M_register_q_reg[3]/C is not reached by a timing clock
Related violations: <none>

TIMING-17#7 Critical Warning
Non-clocked sequential cell  
The clock pin init/autoTest/test_bool/FSM_sequential_M_state_q_reg[0]/C is not reached by a timing clock
Related violations: <none>

TIMING-17#8 Critical Warning
Non-clocked sequential cell  
The clock pin init/autoTest/test_bool/FSM_sequential_M_state_q_reg[1]/C is not reached by a timing clock
Related violations: <none>

TIMING-17#9 Critical Warning
Non-clocked sequential cell  
The clock pin init/autoTest/test_bool/M_counter_q_reg[0]/C is not reached by a timing clock
Related violations: <none>

TIMING-17#10 Critical Warning
Non-clocked sequential cell  
The clock pin init/autoTest/test_bool/M_counter_q_reg[1]/C is not reached by a timing clock
Related violations: <none>

TIMING-17#11 Critical Warning
Non-clocked sequential cell  
The clock pin init/autoTest/test_bool/M_counter_q_reg[2]/C is not reached by a timing clock
Related violations: <none>

TIMING-17#12 Critical Warning
Non-clocked sequential cell  
The clock pin init/autoTest/test_bool/M_counter_q_reg[3]/C is not reached by a timing clock
Related violations: <none>

TIMING-17#13 Critical Warning
Non-clocked sequential cell  
The clock pin init/autoTest/test_com/FSM_sequential_M_state_q_reg[0]/C is not reached by a timing clock
Related violations: <none>

TIMING-17#14 Critical Warning
Non-clocked sequential cell  
The clock pin init/autoTest/test_com/FSM_sequential_M_state_q_reg[1]/C is not reached by a timing clock
Related violations: <none>

TIMING-17#15 Critical Warning
Non-clocked sequential cell  
The clock pin init/autoTest/test_com/M_testCaseNum_q_reg[0]/C is not reached by a timing clock
Related violations: <none>

TIMING-17#16 Critical Warning
Non-clocked sequential cell  
The clock pin init/autoTest/test_com/M_testCaseNum_q_reg[1]/C is not reached by a timing clock
Related violations: <none>

TIMING-17#17 Critical Warning
Non-clocked sequential cell  
The clock pin init/autoTest/test_com/M_testCaseNum_q_reg[2]/C is not reached by a timing clock
Related violations: <none>

TIMING-17#18 Critical Warning
Non-clocked sequential cell  
The clock pin init/autoTest/test_com/M_testCaseNum_q_reg[3]/C is not reached by a timing clock
Related violations: <none>

TIMING-17#19 Critical Warning
Non-clocked sequential cell  
The clock pin init/autoTest/test_com/M_testCaseNum_q_reg[4]/C is not reached by a timing clock
Related violations: <none>

TIMING-17#20 Critical Warning
Non-clocked sequential cell  
The clock pin init/autoTest/test_m/FSM_sequential_M_state_q_reg[0]/C is not reached by a timing clock
Related violations: <none>

TIMING-17#21 Critical Warning
Non-clocked sequential cell  
The clock pin init/autoTest/test_m/FSM_sequential_M_state_q_reg[1]/C is not reached by a timing clock
Related violations: <none>

TIMING-17#22 Critical Warning
Non-clocked sequential cell  
The clock pin init/autoTest/test_m/M_testNum_q_reg[0]/C is not reached by a timing clock
Related violations: <none>

TIMING-17#23 Critical Warning
Non-clocked sequential cell  
The clock pin init/autoTest/test_m/M_testNum_q_reg[1]/C is not reached by a timing clock
Related violations: <none>

TIMING-17#24 Critical Warning
Non-clocked sequential cell  
The clock pin init/autoTest/test_m/M_testNum_q_reg[2]/C is not reached by a timing clock
Related violations: <none>

TIMING-17#25 Critical Warning
Non-clocked sequential cell  
The clock pin init/autoTest/test_m/M_testNum_q_reg[3]/C is not reached by a timing clock
Related violations: <none>

TIMING-17#26 Critical Warning
Non-clocked sequential cell  
The clock pin init/autoTest/test_mod/FSM_sequential_M_state_q_reg[0]/C is not reached by a timing clock
Related violations: <none>

TIMING-17#27 Critical Warning
Non-clocked sequential cell  
The clock pin init/autoTest/test_mod/FSM_sequential_M_state_q_reg[1]/C is not reached by a timing clock
Related violations: <none>

TIMING-17#28 Critical Warning
Non-clocked sequential cell  
The clock pin init/autoTest/test_mod/M_register_q_reg[0]/C is not reached by a timing clock
Related violations: <none>

TIMING-17#29 Critical Warning
Non-clocked sequential cell  
The clock pin init/autoTest/test_mod/M_register_q_reg[1]/C is not reached by a timing clock
Related violations: <none>

TIMING-17#30 Critical Warning
Non-clocked sequential cell  
The clock pin init/autoTest/test_mod/M_register_q_reg[2]/C is not reached by a timing clock
Related violations: <none>

TIMING-17#31 Critical Warning
Non-clocked sequential cell  
The clock pin init/autoTest/test_shift/FSM_sequential_M_state_q_reg[0]/C is not reached by a timing clock
Related violations: <none>

TIMING-17#32 Critical Warning
Non-clocked sequential cell  
The clock pin init/autoTest/test_shift/FSM_sequential_M_state_q_reg[1]/C is not reached by a timing clock
Related violations: <none>

TIMING-17#33 Critical Warning
Non-clocked sequential cell  
The clock pin init/autoTest/test_shift/M_counter_q_reg[0]/C is not reached by a timing clock
Related violations: <none>

TIMING-17#34 Critical Warning
Non-clocked sequential cell  
The clock pin init/autoTest/test_shift/M_counter_q_reg[1]/C is not reached by a timing clock
Related violations: <none>

TIMING-17#35 Critical Warning
Non-clocked sequential cell  
The clock pin init/autoTest/test_shift/M_counter_q_reg[2]/C is not reached by a timing clock
Related violations: <none>

TIMING-17#36 Critical Warning
Non-clocked sequential cell  
The clock pin init/autoTest/test_shift/M_counter_q_reg[3]/C is not reached by a timing clock
Related violations: <none>

SYNTH-11#1 Warning
DSP output not registered  
DSP instance init/aluunitM/aluunit/modulomod/out0 is not fully pipelined on the output side. MREG/PREG are not used.
Related violations: <none>

SYNTH-11#2 Warning
DSP output not registered  
DSP instance init/aluunitM/aluunit/multipliermod/out0 is not fully pipelined on the output side. MREG/PREG are not used.
Related violations: <none>

TIMING-16#1 Warning
Large setup violation  
There is a large setup violation of -27.888 ns between init/aluunitM/M_regB_q_reg[0]/C (clocked by clk_0) and init/aluunitM/M_result_q_reg[7]/D (clocked by clk_0). Large setup violations at the end of those stages might be difficult to fix during the post-placement implementation flow and could be the result of non-optimal XDC constraints or non-optimal design architecture
Related violations: <none>

TIMING-16#2 Warning
Large setup violation  
There is a large setup violation of -27.888 ns between init/aluunitM/M_regB_q_reg[0]/C (clocked by clk_0) and init/aluunitM/M_result_q_reg[8]/D (clocked by clk_0). Large setup violations at the end of those stages might be difficult to fix during the post-placement implementation flow and could be the result of non-optimal XDC constraints or non-optimal design architecture
Related violations: <none>

TIMING-16#3 Warning
Large setup violation  
There is a large setup violation of -27.939 ns between init/aluunitM/M_regB_q_reg[0]/C (clocked by clk_0) and init/aluunitM/M_result_q_reg[2]/D (clocked by clk_0). Large setup violations at the end of those stages might be difficult to fix during the post-placement implementation flow and could be the result of non-optimal XDC constraints or non-optimal design architecture
Related violations: <none>

TIMING-16#4 Warning
Large setup violation  
There is a large setup violation of -27.942 ns between init/aluunitM/M_regB_q_reg[0]/C (clocked by clk_0) and init/aluunitM/M_result_q_reg[10]/D (clocked by clk_0). Large setup violations at the end of those stages might be difficult to fix during the post-placement implementation flow and could be the result of non-optimal XDC constraints or non-optimal design architecture
Related violations: <none>

TIMING-16#5 Warning
Large setup violation  
There is a large setup violation of -27.942 ns between init/aluunitM/M_regB_q_reg[0]/C (clocked by clk_0) and init/aluunitM/M_result_q_reg[13]/D (clocked by clk_0). Large setup violations at the end of those stages might be difficult to fix during the post-placement implementation flow and could be the result of non-optimal XDC constraints or non-optimal design architecture
Related violations: <none>

TIMING-16#6 Warning
Large setup violation  
There is a large setup violation of -27.942 ns between init/aluunitM/M_regB_q_reg[0]/C (clocked by clk_0) and init/aluunitM/M_result_q_reg[5]/D (clocked by clk_0). Large setup violations at the end of those stages might be difficult to fix during the post-placement implementation flow and could be the result of non-optimal XDC constraints or non-optimal design architecture
Related violations: <none>

TIMING-16#7 Warning
Large setup violation  
There is a large setup violation of -28.032 ns between init/aluunitM/M_regB_q_reg[0]/C (clocked by clk_0) and init/aluunitM/M_result_q_reg[1]/D (clocked by clk_0). Large setup violations at the end of those stages might be difficult to fix during the post-placement implementation flow and could be the result of non-optimal XDC constraints or non-optimal design architecture
Related violations: <none>

TIMING-16#8 Warning
Large setup violation  
There is a large setup violation of -28.040 ns between init/aluunitM/M_regB_q_reg[0]/C (clocked by clk_0) and init/aluunitM/M_result_q_reg[4]/D (clocked by clk_0). Large setup violations at the end of those stages might be difficult to fix during the post-placement implementation flow and could be the result of non-optimal XDC constraints or non-optimal design architecture
Related violations: <none>

TIMING-16#9 Warning
Large setup violation  
There is a large setup violation of -28.070 ns between init/aluunitM/M_regB_q_reg[0]/C (clocked by clk_0) and init/aluunitM/M_result_q_reg[11]/D (clocked by clk_0). Large setup violations at the end of those stages might be difficult to fix during the post-placement implementation flow and could be the result of non-optimal XDC constraints or non-optimal design architecture
Related violations: <none>

TIMING-16#10 Warning
Large setup violation  
There is a large setup violation of -28.071 ns between init/aluunitM/M_regB_q_reg[0]/C (clocked by clk_0) and init/aluunitM/M_result_q_reg[15]/D (clocked by clk_0). Large setup violations at the end of those stages might be difficult to fix during the post-placement implementation flow and could be the result of non-optimal XDC constraints or non-optimal design architecture
Related violations: <none>

TIMING-16#11 Warning
Large setup violation  
There is a large setup violation of -28.077 ns between init/aluunitM/M_regB_q_reg[0]/C (clocked by clk_0) and init/aluunitM/M_result_q_reg[0]/D (clocked by clk_0). Large setup violations at the end of those stages might be difficult to fix during the post-placement implementation flow and could be the result of non-optimal XDC constraints or non-optimal design architecture
Related violations: <none>

TIMING-16#12 Warning
Large setup violation  
There is a large setup violation of -28.078 ns between init/aluunitM/M_regB_q_reg[0]/C (clocked by clk_0) and init/aluunitM/M_result_q_reg[3]/D (clocked by clk_0). Large setup violations at the end of those stages might be difficult to fix during the post-placement implementation flow and could be the result of non-optimal XDC constraints or non-optimal design architecture
Related violations: <none>

TIMING-16#13 Warning
Large setup violation  
There is a large setup violation of -28.091 ns between init/aluunitM/M_regB_q_reg[0]/C (clocked by clk_0) and init/aluunitM/M_result_q_reg[9]/D (clocked by clk_0). Large setup violations at the end of those stages might be difficult to fix during the post-placement implementation flow and could be the result of non-optimal XDC constraints or non-optimal design architecture
Related violations: <none>

TIMING-16#14 Warning
Large setup violation  
There is a large setup violation of -28.093 ns between init/aluunitM/M_regB_q_reg[0]/C (clocked by clk_0) and init/aluunitM/M_result_q_reg[12]/D (clocked by clk_0). Large setup violations at the end of those stages might be difficult to fix during the post-placement implementation flow and could be the result of non-optimal XDC constraints or non-optimal design architecture
Related violations: <none>

TIMING-16#15 Warning
Large setup violation  
There is a large setup violation of -28.222 ns between init/aluunitM/M_regB_q_reg[0]/C (clocked by clk_0) and init/aluunitM/M_result_q_reg[6]/D (clocked by clk_0). Large setup violations at the end of those stages might be difficult to fix during the post-placement implementation flow and could be the result of non-optimal XDC constraints or non-optimal design architecture
Related violations: <none>

TIMING-16#16 Warning
Large setup violation  
There is a large setup violation of -28.226 ns between init/aluunitM/M_regB_q_reg[0]/C (clocked by clk_0) and init/aluunitM/M_result_q_reg[14]/D (clocked by clk_0). Large setup violations at the end of those stages might be difficult to fix during the post-placement implementation flow and could be the result of non-optimal XDC constraints or non-optimal design architecture
Related violations: <none>

TIMING-18#1 Warning
Missing input or output delay  
An input delay is missing on io_button[0] relative to clock(s) clk_0
Related violations: <none>

TIMING-18#2 Warning
Missing input or output delay  
An input delay is missing on io_button[1] relative to clock(s) clk_0
Related violations: <none>

TIMING-18#3 Warning
Missing input or output delay  
An input delay is missing on io_button[2] relative to clock(s) clk_0
Related violations: <none>

TIMING-18#4 Warning
Missing input or output delay  
An input delay is missing on io_button[3] relative to clock(s) clk_0
Related violations: <none>

TIMING-18#5 Warning
Missing input or output delay  
An input delay is missing on io_button[4] relative to clock(s) clk_0
Related violations: <none>

TIMING-18#6 Warning
Missing input or output delay  
An input delay is missing on io_dip[0] relative to clock(s) clk_0
Related violations: <none>

TIMING-18#7 Warning
Missing input or output delay  
An input delay is missing on io_dip[10] relative to clock(s) clk_0
Related violations: <none>

TIMING-18#8 Warning
Missing input or output delay  
An input delay is missing on io_dip[11] relative to clock(s) clk_0
Related violations: <none>

TIMING-18#9 Warning
Missing input or output delay  
An input delay is missing on io_dip[12] relative to clock(s) clk_0
Related violations: <none>

TIMING-18#10 Warning
Missing input or output delay  
An input delay is missing on io_dip[13] relative to clock(s) clk_0
Related violations: <none>

TIMING-18#11 Warning
Missing input or output delay  
An input delay is missing on io_dip[14] relative to clock(s) clk_0
Related violations: <none>

TIMING-18#12 Warning
Missing input or output delay  
An input delay is missing on io_dip[15] relative to clock(s) clk_0
Related violations: <none>

TIMING-18#13 Warning
Missing input or output delay  
An input delay is missing on io_dip[16] relative to clock(s) clk_0
Related violations: <none>

TIMING-18#14 Warning
Missing input or output delay  
An input delay is missing on io_dip[17] relative to clock(s) clk_0
Related violations: <none>

TIMING-18#15 Warning
Missing input or output delay  
An input delay is missing on io_dip[18] relative to clock(s) clk_0
Related violations: <none>

TIMING-18#16 Warning
Missing input or output delay  
An input delay is missing on io_dip[19] relative to clock(s) clk_0
Related violations: <none>

TIMING-18#17 Warning
Missing input or output delay  
An input delay is missing on io_dip[1] relative to clock(s) clk_0
Related violations: <none>

TIMING-18#18 Warning
Missing input or output delay  
An input delay is missing on io_dip[20] relative to clock(s) clk_0
Related violations: <none>

TIMING-18#19 Warning
Missing input or output delay  
An input delay is missing on io_dip[21] relative to clock(s) clk_0
Related violations: <none>

TIMING-18#20 Warning
Missing input or output delay  
An input delay is missing on io_dip[22] relative to clock(s) clk_0
Related violations: <none>

TIMING-18#21 Warning
Missing input or output delay  
An input delay is missing on io_dip[23] relative to clock(s) clk_0
Related violations: <none>

TIMING-18#22 Warning
Missing input or output delay  
An input delay is missing on io_dip[2] relative to clock(s) clk_0
Related violations: <none>

TIMING-18#23 Warning
Missing input or output delay  
An input delay is missing on io_dip[3] relative to clock(s) clk_0
Related violations: <none>

TIMING-18#24 Warning
Missing input or output delay  
An input delay is missing on io_dip[4] relative to clock(s) clk_0
Related violations: <none>

TIMING-18#25 Warning
Missing input or output delay  
An input delay is missing on io_dip[5] relative to clock(s) clk_0
Related violations: <none>

TIMING-18#26 Warning
Missing input or output delay  
An input delay is missing on io_dip[6] relative to clock(s) clk_0
Related violations: <none>

TIMING-18#27 Warning
Missing input or output delay  
An input delay is missing on io_dip[7] relative to clock(s) clk_0
Related violations: <none>

TIMING-18#28 Warning
Missing input or output delay  
An input delay is missing on io_dip[8] relative to clock(s) clk_0
Related violations: <none>

TIMING-18#29 Warning
Missing input or output delay  
An input delay is missing on io_dip[9] relative to clock(s) clk_0
Related violations: <none>

TIMING-18#30 Warning
Missing input or output delay  
An input delay is missing on rst_n relative to clock(s) clk_0
Related violations: <none>

TIMING-18#31 Warning
Missing input or output delay  
An output delay is missing on io_led[0] relative to clock(s) clk_0
Related violations: <none>

TIMING-18#32 Warning
Missing input or output delay  
An output delay is missing on io_led[10] relative to clock(s) clk_0
Related violations: <none>

TIMING-18#33 Warning
Missing input or output delay  
An output delay is missing on io_led[11] relative to clock(s) clk_0
Related violations: <none>

TIMING-18#34 Warning
Missing input or output delay  
An output delay is missing on io_led[12] relative to clock(s) clk_0
Related violations: <none>

TIMING-18#35 Warning
Missing input or output delay  
An output delay is missing on io_led[13] relative to clock(s) clk_0
Related violations: <none>

TIMING-18#36 Warning
Missing input or output delay  
An output delay is missing on io_led[14] relative to clock(s) clk_0
Related violations: <none>

TIMING-18#37 Warning
Missing input or output delay  
An output delay is missing on io_led[15] relative to clock(s) clk_0
Related violations: <none>

TIMING-18#38 Warning
Missing input or output delay  
An output delay is missing on io_led[16] relative to clock(s) clk_0
Related violations: <none>

TIMING-18#39 Warning
Missing input or output delay  
An output delay is missing on io_led[17] relative to clock(s) clk_0
Related violations: <none>

TIMING-18#40 Warning
Missing input or output delay  
An output delay is missing on io_led[18] relative to clock(s) clk_0
Related violations: <none>

TIMING-18#41 Warning
Missing input or output delay  
An output delay is missing on io_led[19] relative to clock(s) clk_0
Related violations: <none>

TIMING-18#42 Warning
Missing input or output delay  
An output delay is missing on io_led[1] relative to clock(s) clk_0
Related violations: <none>

TIMING-18#43 Warning
Missing input or output delay  
An output delay is missing on io_led[20] relative to clock(s) clk_0
Related violations: <none>

TIMING-18#44 Warning
Missing input or output delay  
An output delay is missing on io_led[21] relative to clock(s) clk_0
Related violations: <none>

TIMING-18#45 Warning
Missing input or output delay  
An output delay is missing on io_led[22] relative to clock(s) clk_0
Related violations: <none>

TIMING-18#46 Warning
Missing input or output delay  
An output delay is missing on io_led[23] relative to clock(s) clk_0
Related violations: <none>

TIMING-18#47 Warning
Missing input or output delay  
An output delay is missing on io_led[2] relative to clock(s) clk_0
Related violations: <none>

TIMING-18#48 Warning
Missing input or output delay  
An output delay is missing on io_led[3] relative to clock(s) clk_0
Related violations: <none>

TIMING-18#49 Warning
Missing input or output delay  
An output delay is missing on io_led[4] relative to clock(s) clk_0
Related violations: <none>

TIMING-18#50 Warning
Missing input or output delay  
An output delay is missing on io_led[5] relative to clock(s) clk_0
Related violations: <none>

TIMING-18#51 Warning
Missing input or output delay  
An output delay is missing on io_led[6] relative to clock(s) clk_0
Related violations: <none>

TIMING-18#52 Warning
Missing input or output delay  
An output delay is missing on io_led[7] relative to clock(s) clk_0
Related violations: <none>

TIMING-18#53 Warning
Missing input or output delay  
An output delay is missing on io_led[8] relative to clock(s) clk_0
Related violations: <none>

TIMING-18#54 Warning
Missing input or output delay  
An output delay is missing on io_led[9] relative to clock(s) clk_0
Related violations: <none>

TIMING-18#55 Warning
Missing input or output delay  
An output delay is missing on io_seg[0] relative to clock(s) clk_0
Related violations: <none>

TIMING-18#56 Warning
Missing input or output delay  
An output delay is missing on io_seg[1] relative to clock(s) clk_0
Related violations: <none>

TIMING-18#57 Warning
Missing input or output delay  
An output delay is missing on io_seg[2] relative to clock(s) clk_0
Related violations: <none>

TIMING-18#58 Warning
Missing input or output delay  
An output delay is missing on io_seg[3] relative to clock(s) clk_0
Related violations: <none>

TIMING-18#59 Warning
Missing input or output delay  
An output delay is missing on io_seg[4] relative to clock(s) clk_0
Related violations: <none>

TIMING-18#60 Warning
Missing input or output delay  
An output delay is missing on io_seg[5] relative to clock(s) clk_0
Related violations: <none>

TIMING-18#61 Warning
Missing input or output delay  
An output delay is missing on io_seg[6] relative to clock(s) clk_0
Related violations: <none>

TIMING-18#62 Warning
Missing input or output delay  
An output delay is missing on io_seg[7] relative to clock(s) clk_0
Related violations: <none>

TIMING-18#63 Warning
Missing input or output delay  
An output delay is missing on io_sel[0] relative to clock(s) clk_0
Related violations: <none>

TIMING-18#64 Warning
Missing input or output delay  
An output delay is missing on io_sel[1] relative to clock(s) clk_0
Related violations: <none>

TIMING-18#65 Warning
Missing input or output delay  
An output delay is missing on io_sel[2] relative to clock(s) clk_0
Related violations: <none>

TIMING-18#66 Warning
Missing input or output delay  
An output delay is missing on io_sel[3] relative to clock(s) clk_0
Related violations: <none>


